{"/home/max/Epitech/MSC/T-WEB-800/T-WEB-800-NCY_1/Backend/server.js": {"path":"/home/max/Epitech/MSC/T-WEB-800/T-WEB-800-NCY_1/Backend/server.js","statementMap":{"0":{"start":{"line":1,"column":16},"end":{"line":1,"column":34}},"1":{"start":{"line":2,"column":13},"end":{"line":2,"column":28}},"2":{"start":{"line":4,"column":12},"end":{"line":4,"column":21}},"3":{"start":{"line":6,"column":18},"end":{"line":8,"column":1}},"4":{"start":{"line":10,"column":0},"end":{"line":10,"column":27}},"5":{"start":{"line":13,"column":0},"end":{"line":13,"column":24}},"6":{"start":{"line":16,"column":0},"end":{"line":16,"column":48}},"7":{"start":{"line":19,"column":0},"end":{"line":21,"column":3}},"8":{"start":{"line":20,"column":2},"end":{"line":20,"column":58}},"9":{"start":{"line":24,"column":0},"end":{"line":24,"column":41}},"10":{"start":{"line":25,"column":0},"end":{"line":25,"column":41}},"11":{"start":{"line":27,"column":11},"end":{"line":27,"column":34}},"12":{"start":{"line":28,"column":13},"end":{"line":28,"column":20}},"13":{"start":{"line":30,"column":0},"end":{"line":42,"column":5}},"14":{"start":{"line":36,"column":4},"end":{"line":36,"column":52}},"15":{"start":{"line":37,"column":4},"end":{"line":37,"column":14}},"16":{"start":{"line":40,"column":4},"end":{"line":40,"column":43}},"17":{"start":{"line":41,"column":4},"end":{"line":41,"column":19}},"18":{"start":{"line":45,"column":2},"end":{"line":77,"column":5}},"19":{"start":{"line":46,"column":4},"end":{"line":76,"column":5}},"20":{"start":{"line":47,"column":6},"end":{"line":55,"column":9}},"21":{"start":{"line":50,"column":8},"end":{"line":52,"column":9}},"22":{"start":{"line":51,"column":10},"end":{"line":51,"column":36}},"23":{"start":{"line":54,"column":8},"end":{"line":54,"column":56}},"24":{"start":{"line":57,"column":6},"end":{"line":65,"column":9}},"25":{"start":{"line":60,"column":8},"end":{"line":62,"column":9}},"26":{"start":{"line":61,"column":10},"end":{"line":61,"column":36}},"27":{"start":{"line":64,"column":8},"end":{"line":64,"column":61}},"28":{"start":{"line":67,"column":6},"end":{"line":75,"column":9}},"29":{"start":{"line":70,"column":8},"end":{"line":72,"column":9}},"30":{"start":{"line":71,"column":10},"end":{"line":71,"column":36}},"31":{"start":{"line":74,"column":8},"end":{"line":74,"column":57}},"32":{"start":{"line":81,"column":13},"end":{"line":81,"column":37}},"33":{"start":{"line":82,"column":0},"end":{"line":84,"column":3}},"34":{"start":{"line":83,"column":2},"end":{"line":83,"column":52}},"35":{"start":{"line":86,"column":0},"end":{"line":86,"column":20}}},"fnMap":{"0":{"name":"(anonymous_0)","decl":{"start":{"line":19,"column":13},"end":{"line":19,"column":14}},"loc":{"start":{"line":19,"column":27},"end":{"line":21,"column":1}},"line":19},"1":{"name":"(anonymous_1)","decl":{"start":{"line":35,"column":8},"end":{"line":35,"column":9}},"loc":{"start":{"line":35,"column":14},"end":{"line":38,"column":3}},"line":35},"2":{"name":"(anonymous_2)","decl":{"start":{"line":39,"column":9},"end":{"line":39,"column":10}},"loc":{"start":{"line":39,"column":16},"end":{"line":42,"column":3}},"line":39},"3":{"name":"initial","decl":{"start":{"line":44,"column":9},"end":{"line":44,"column":16}},"loc":{"start":{"line":44,"column":19},"end":{"line":78,"column":1}},"line":44},"4":{"name":"(anonymous_4)","decl":{"start":{"line":45,"column":30},"end":{"line":45,"column":31}},"loc":{"start":{"line":45,"column":46},"end":{"line":77,"column":3}},"line":45},"5":{"name":"(anonymous_5)","decl":{"start":{"line":49,"column":14},"end":{"line":49,"column":15}},"loc":{"start":{"line":49,"column":21},"end":{"line":55,"column":7}},"line":49},"6":{"name":"(anonymous_6)","decl":{"start":{"line":59,"column":14},"end":{"line":59,"column":15}},"loc":{"start":{"line":59,"column":21},"end":{"line":65,"column":7}},"line":59},"7":{"name":"(anonymous_7)","decl":{"start":{"line":69,"column":14},"end":{"line":69,"column":15}},"loc":{"start":{"line":69,"column":21},"end":{"line":75,"column":7}},"line":69},"8":{"name":"(anonymous_8)","decl":{"start":{"line":82,"column":17},"end":{"line":82,"column":18}},"loc":{"start":{"line":82,"column":23},"end":{"line":84,"column":1}},"line":82}},"branchMap":{"0":{"loc":{"start":{"line":46,"column":4},"end":{"line":76,"column":5}},"type":"if","locations":[{"start":{"line":46,"column":4},"end":{"line":76,"column":5}},{"start":{},"end":{}}],"line":46},"1":{"loc":{"start":{"line":46,"column":8},"end":{"line":46,"column":27}},"type":"binary-expr","locations":[{"start":{"line":46,"column":8},"end":{"line":46,"column":12}},{"start":{"line":46,"column":16},"end":{"line":46,"column":27}}],"line":46},"2":{"loc":{"start":{"line":50,"column":8},"end":{"line":52,"column":9}},"type":"if","locations":[{"start":{"line":50,"column":8},"end":{"line":52,"column":9}},{"start":{},"end":{}}],"line":50},"3":{"loc":{"start":{"line":60,"column":8},"end":{"line":62,"column":9}},"type":"if","locations":[{"start":{"line":60,"column":8},"end":{"line":62,"column":9}},{"start":{},"end":{}}],"line":60},"4":{"loc":{"start":{"line":70,"column":8},"end":{"line":72,"column":9}},"type":"if","locations":[{"start":{"line":70,"column":8},"end":{"line":72,"column":9}},{"start":{},"end":{}}],"line":70},"5":{"loc":{"start":{"line":81,"column":13},"end":{"line":81,"column":37}},"type":"binary-expr","locations":[{"start":{"line":81,"column":13},"end":{"line":81,"column":29}},{"start":{"line":81,"column":33},"end":{"line":81,"column":37}}],"line":81}},"s":{"0":1,"1":1,"2":1,"3":1,"4":1,"5":1,"6":1,"7":1,"8":1,"9":1,"10":1,"11":1,"12":1,"13":1,"14":0,"15":0,"16":0,"17":0,"18":0,"19":0,"20":0,"21":0,"22":0,"23":0,"24":0,"25":0,"26":0,"27":0,"28":0,"29":0,"30":0,"31":0,"32":1,"33":1,"34":0,"35":1},"f":{"0":1,"1":0,"2":0,"3":0,"4":0,"5":0,"6":0,"7":0,"8":0},"b":{"0":[0,0],"1":[0,0],"2":[0,0],"3":[0,0],"4":[0,0],"5":[1,1]},"_coverageSchema":"1a1c01bbd47fc00a2c39e90264f33305004495a9","hash":"a594b2fccc9f63f5c774774363799071af7ca548"}
,"/home/max/Epitech/MSC/T-WEB-800/T-WEB-800-NCY_1/Backend/app/config/auth.config.js": {"path":"/home/max/Epitech/MSC/T-WEB-800/T-WEB-800-NCY_1/Backend/app/config/auth.config.js","statementMap":{"0":{"start":{"line":1,"column":0},"end":{"line":3,"column":4}},"1":{"start":{"line":4,"column":17},"end":{"line":4,"column":49}},"2":{"start":{"line":5,"column":11},"end":{"line":5,"column":31}},"3":{"start":{"line":6,"column":13},"end":{"line":6,"column":20}},"4":{"start":{"line":7,"column":13},"end":{"line":7,"column":20}},"5":{"start":{"line":9,"column":10},"end":{"line":9,"column":33}},"6":{"start":{"line":10,"column":13},"end":{"line":10,"column":32}},"7":{"start":{"line":12,"column":0},"end":{"line":66,"column":2}},"8":{"start":{"line":13,"column":15},"end":{"line":17,"column":4}},"9":{"start":{"line":19,"column":2},"end":{"line":65,"column":5}},"10":{"start":{"line":20,"column":4},"end":{"line":23,"column":5}},"11":{"start":{"line":21,"column":6},"end":{"line":21,"column":45}},"12":{"start":{"line":22,"column":6},"end":{"line":22,"column":13}},"13":{"start":{"line":25,"column":4},"end":{"line":64,"column":5}},"14":{"start":{"line":26,"column":6},"end":{"line":46,"column":8}},"15":{"start":{"line":31,"column":10},"end":{"line":34,"column":11}},"16":{"start":{"line":32,"column":12},"end":{"line":32,"column":51}},"17":{"start":{"line":33,"column":12},"end":{"line":33,"column":19}},"18":{"start":{"line":36,"column":10},"end":{"line":36,"column":51}},"19":{"start":{"line":36,"column":41},"end":{"line":36,"column":49}},"20":{"start":{"line":37,"column":10},"end":{"line":44,"column":13}},"21":{"start":{"line":38,"column":12},"end":{"line":41,"column":13}},"22":{"start":{"line":39,"column":14},"end":{"line":39,"column":53}},"23":{"start":{"line":40,"column":14},"end":{"line":40,"column":21}},"24":{"start":{"line":43,"column":12},"end":{"line":43,"column":71}},"25":{"start":{"line":48,"column":6},"end":{"line":63,"column":9}},"26":{"start":{"line":49,"column":8},"end":{"line":52,"column":9}},"27":{"start":{"line":50,"column":10},"end":{"line":50,"column":49}},"28":{"start":{"line":51,"column":10},"end":{"line":51,"column":17}},"29":{"start":{"line":54,"column":8},"end":{"line":54,"column":32}},"30":{"start":{"line":55,"column":8},"end":{"line":62,"column":11}},"31":{"start":{"line":56,"column":10},"end":{"line":59,"column":11}},"32":{"start":{"line":57,"column":12},"end":{"line":57,"column":51}},"33":{"start":{"line":58,"column":12},"end":{"line":58,"column":19}},"34":{"start":{"line":61,"column":10},"end":{"line":61,"column":69}},"35":{"start":{"line":68,"column":0},"end":{"line":112,"column":2}},"36":{"start":{"line":69,"column":2},"end":{"line":111,"column":7}},"37":{"start":{"line":74,"column":6},"end":{"line":77,"column":7}},"38":{"start":{"line":75,"column":8},"end":{"line":75,"column":47}},"39":{"start":{"line":76,"column":8},"end":{"line":76,"column":15}},"40":{"start":{"line":79,"column":6},"end":{"line":81,"column":7}},"41":{"start":{"line":80,"column":8},"end":{"line":80,"column":68}},"42":{"start":{"line":83,"column":28},"end":{"line":86,"column":7}},"43":{"start":{"line":88,"column":6},"end":{"line":93,"column":7}},"44":{"start":{"line":89,"column":8},"end":{"line":92,"column":11}},"45":{"start":{"line":95,"column":18},"end":{"line":97,"column":8}},"46":{"start":{"line":99,"column":24},"end":{"line":99,"column":26}},"47":{"start":{"line":101,"column":6},"end":{"line":103,"column":7}},"48":{"start":{"line":101,"column":19},"end":{"line":101,"column":20}},"49":{"start":{"line":102,"column":8},"end":{"line":102,"column":69}},"50":{"start":{"line":104,"column":6},"end":{"line":110,"column":9}}},"fnMap":{"0":{"name":"(anonymous_0)","decl":{"start":{"line":12,"column":17},"end":{"line":12,"column":18}},"loc":{"start":{"line":12,"column":31},"end":{"line":66,"column":1}},"line":12},"1":{"name":"(anonymous_1)","decl":{"start":{"line":19,"column":12},"end":{"line":19,"column":13}},"loc":{"start":{"line":19,"column":27},"end":{"line":65,"column":3}},"line":19},"2":{"name":"(anonymous_2)","decl":{"start":{"line":30,"column":8},"end":{"line":30,"column":9}},"loc":{"start":{"line":30,"column":24},"end":{"line":45,"column":9}},"line":30},"3":{"name":"(anonymous_3)","decl":{"start":{"line":36,"column":33},"end":{"line":36,"column":34}},"loc":{"start":{"line":36,"column":41},"end":{"line":36,"column":49}},"line":36},"4":{"name":"(anonymous_4)","decl":{"start":{"line":37,"column":20},"end":{"line":37,"column":21}},"loc":{"start":{"line":37,"column":27},"end":{"line":44,"column":11}},"line":37},"5":{"name":"(anonymous_5)","decl":{"start":{"line":48,"column":37},"end":{"line":48,"column":38}},"loc":{"start":{"line":48,"column":52},"end":{"line":63,"column":7}},"line":48},"6":{"name":"(anonymous_6)","decl":{"start":{"line":55,"column":18},"end":{"line":55,"column":19}},"loc":{"start":{"line":55,"column":25},"end":{"line":62,"column":9}},"line":55},"7":{"name":"(anonymous_7)","decl":{"start":{"line":68,"column":17},"end":{"line":68,"column":18}},"loc":{"start":{"line":68,"column":31},"end":{"line":112,"column":1}},"line":68},"8":{"name":"(anonymous_8)","decl":{"start":{"line":73,"column":10},"end":{"line":73,"column":11}},"loc":{"start":{"line":73,"column":25},"end":{"line":111,"column":5}},"line":73}},"branchMap":{"0":{"loc":{"start":{"line":20,"column":4},"end":{"line":23,"column":5}},"type":"if","locations":[{"start":{"line":20,"column":4},"end":{"line":23,"column":5}},{"start":{},"end":{}}],"line":20},"1":{"loc":{"start":{"line":25,"column":4},"end":{"line":64,"column":5}},"type":"if","locations":[{"start":{"line":25,"column":4},"end":{"line":64,"column":5}},{"start":{"line":47,"column":11},"end":{"line":64,"column":5}}],"line":25},"2":{"loc":{"start":{"line":31,"column":10},"end":{"line":34,"column":11}},"type":"if","locations":[{"start":{"line":31,"column":10},"end":{"line":34,"column":11}},{"start":{},"end":{}}],"line":31},"3":{"loc":{"start":{"line":38,"column":12},"end":{"line":41,"column":13}},"type":"if","locations":[{"start":{"line":38,"column":12},"end":{"line":41,"column":13}},{"start":{},"end":{}}],"line":38},"4":{"loc":{"start":{"line":49,"column":8},"end":{"line":52,"column":9}},"type":"if","locations":[{"start":{"line":49,"column":8},"end":{"line":52,"column":9}},{"start":{},"end":{}}],"line":49},"5":{"loc":{"start":{"line":56,"column":10},"end":{"line":59,"column":11}},"type":"if","locations":[{"start":{"line":56,"column":10},"end":{"line":59,"column":11}},{"start":{},"end":{}}],"line":56},"6":{"loc":{"start":{"line":74,"column":6},"end":{"line":77,"column":7}},"type":"if","locations":[{"start":{"line":74,"column":6},"end":{"line":77,"column":7}},{"start":{},"end":{}}],"line":74},"7":{"loc":{"start":{"line":79,"column":6},"end":{"line":81,"column":7}},"type":"if","locations":[{"start":{"line":79,"column":6},"end":{"line":81,"column":7}},{"start":{},"end":{}}],"line":79},"8":{"loc":{"start":{"line":88,"column":6},"end":{"line":93,"column":7}},"type":"if","locations":[{"start":{"line":88,"column":6},"end":{"line":93,"column":7}},{"start":{},"end":{}}],"line":88}},"s":{"0":1,"1":1,"2":1,"3":1,"4":1,"5":1,"6":1,"7":1,"8":0,"9":0,"10":0,"11":0,"12":0,"13":0,"14":0,"15":0,"16":0,"17":0,"18":0,"19":0,"20":0,"21":0,"22":0,"23":0,"24":0,"25":0,"26":0,"27":0,"28":0,"29":0,"30":0,"31":0,"32":0,"33":0,"34":0,"35":1,"36":0,"37":0,"38":0,"39":0,"40":0,"41":0,"42":0,"43":0,"44":0,"45":0,"46":0,"47":0,"48":0,"49":0,"50":0},"f":{"0":0,"1":0,"2":0,"3":0,"4":0,"5":0,"6":0,"7":0,"8":0},"b":{"0":[0,0],"1":[0,0],"2":[0,0],"3":[0,0],"4":[0,0],"5":[0,0],"6":[0,0],"7":[0,0],"8":[0,0]},"_coverageSchema":"1a1c01bbd47fc00a2c39e90264f33305004495a9","hash":"93afa7b94c4c81c005d464b4906be28730645ac6"}
,"/home/max/Epitech/MSC/T-WEB-800/T-WEB-800-NCY_1/Backend/app/controllers/auth.controller.js": {"path":"/home/max/Epitech/MSC/T-WEB-800/T-WEB-800-NCY_1/Backend/app/controllers/auth.controller.js","statementMap":{"0":{"start":{"line":1,"column":15},"end":{"line":1,"column":47}},"1":{"start":{"line":2,"column":11},"end":{"line":2,"column":31}},"2":{"start":{"line":3,"column":13},"end":{"line":3,"column":20}},"3":{"start":{"line":4,"column":13},"end":{"line":4,"column":20}},"4":{"start":{"line":6,"column":10},"end":{"line":6,"column":33}},"5":{"start":{"line":7,"column":13},"end":{"line":7,"column":32}},"6":{"start":{"line":9,"column":0},"end":{"line":63,"column":2}},"7":{"start":{"line":10,"column":15},"end":{"line":14,"column":4}},"8":{"start":{"line":16,"column":2},"end":{"line":62,"column":5}},"9":{"start":{"line":17,"column":4},"end":{"line":20,"column":5}},"10":{"start":{"line":18,"column":6},"end":{"line":18,"column":45}},"11":{"start":{"line":19,"column":6},"end":{"line":19,"column":13}},"12":{"start":{"line":22,"column":4},"end":{"line":61,"column":5}},"13":{"start":{"line":23,"column":6},"end":{"line":43,"column":8}},"14":{"start":{"line":28,"column":10},"end":{"line":31,"column":11}},"15":{"start":{"line":29,"column":12},"end":{"line":29,"column":51}},"16":{"start":{"line":30,"column":12},"end":{"line":30,"column":19}},"17":{"start":{"line":33,"column":10},"end":{"line":33,"column":51}},"18":{"start":{"line":33,"column":41},"end":{"line":33,"column":49}},"19":{"start":{"line":34,"column":10},"end":{"line":41,"column":13}},"20":{"start":{"line":35,"column":12},"end":{"line":38,"column":13}},"21":{"start":{"line":36,"column":14},"end":{"line":36,"column":53}},"22":{"start":{"line":37,"column":14},"end":{"line":37,"column":21}},"23":{"start":{"line":40,"column":12},"end":{"line":40,"column":71}},"24":{"start":{"line":45,"column":6},"end":{"line":60,"column":9}},"25":{"start":{"line":46,"column":8},"end":{"line":49,"column":9}},"26":{"start":{"line":47,"column":10},"end":{"line":47,"column":49}},"27":{"start":{"line":48,"column":10},"end":{"line":48,"column":17}},"28":{"start":{"line":51,"column":8},"end":{"line":51,"column":32}},"29":{"start":{"line":52,"column":8},"end":{"line":59,"column":11}},"30":{"start":{"line":53,"column":10},"end":{"line":56,"column":11}},"31":{"start":{"line":54,"column":12},"end":{"line":54,"column":51}},"32":{"start":{"line":55,"column":12},"end":{"line":55,"column":19}},"33":{"start":{"line":58,"column":10},"end":{"line":58,"column":69}},"34":{"start":{"line":65,"column":0},"end":{"line":109,"column":2}},"35":{"start":{"line":66,"column":2},"end":{"line":108,"column":7}},"36":{"start":{"line":71,"column":6},"end":{"line":74,"column":7}},"37":{"start":{"line":72,"column":8},"end":{"line":72,"column":47}},"38":{"start":{"line":73,"column":8},"end":{"line":73,"column":15}},"39":{"start":{"line":76,"column":6},"end":{"line":78,"column":7}},"40":{"start":{"line":77,"column":8},"end":{"line":77,"column":68}},"41":{"start":{"line":80,"column":28},"end":{"line":83,"column":7}},"42":{"start":{"line":85,"column":6},"end":{"line":90,"column":7}},"43":{"start":{"line":86,"column":8},"end":{"line":89,"column":11}},"44":{"start":{"line":92,"column":18},"end":{"line":94,"column":8}},"45":{"start":{"line":96,"column":24},"end":{"line":96,"column":26}},"46":{"start":{"line":98,"column":6},"end":{"line":100,"column":7}},"47":{"start":{"line":98,"column":19},"end":{"line":98,"column":20}},"48":{"start":{"line":99,"column":8},"end":{"line":99,"column":69}},"49":{"start":{"line":101,"column":6},"end":{"line":107,"column":9}}},"fnMap":{"0":{"name":"(anonymous_0)","decl":{"start":{"line":9,"column":17},"end":{"line":9,"column":18}},"loc":{"start":{"line":9,"column":31},"end":{"line":63,"column":1}},"line":9},"1":{"name":"(anonymous_1)","decl":{"start":{"line":16,"column":12},"end":{"line":16,"column":13}},"loc":{"start":{"line":16,"column":27},"end":{"line":62,"column":3}},"line":16},"2":{"name":"(anonymous_2)","decl":{"start":{"line":27,"column":8},"end":{"line":27,"column":9}},"loc":{"start":{"line":27,"column":24},"end":{"line":42,"column":9}},"line":27},"3":{"name":"(anonymous_3)","decl":{"start":{"line":33,"column":33},"end":{"line":33,"column":34}},"loc":{"start":{"line":33,"column":41},"end":{"line":33,"column":49}},"line":33},"4":{"name":"(anonymous_4)","decl":{"start":{"line":34,"column":20},"end":{"line":34,"column":21}},"loc":{"start":{"line":34,"column":27},"end":{"line":41,"column":11}},"line":34},"5":{"name":"(anonymous_5)","decl":{"start":{"line":45,"column":37},"end":{"line":45,"column":38}},"loc":{"start":{"line":45,"column":52},"end":{"line":60,"column":7}},"line":45},"6":{"name":"(anonymous_6)","decl":{"start":{"line":52,"column":18},"end":{"line":52,"column":19}},"loc":{"start":{"line":52,"column":25},"end":{"line":59,"column":9}},"line":52},"7":{"name":"(anonymous_7)","decl":{"start":{"line":65,"column":17},"end":{"line":65,"column":18}},"loc":{"start":{"line":65,"column":31},"end":{"line":109,"column":1}},"line":65},"8":{"name":"(anonymous_8)","decl":{"start":{"line":70,"column":10},"end":{"line":70,"column":11}},"loc":{"start":{"line":70,"column":25},"end":{"line":108,"column":5}},"line":70}},"branchMap":{"0":{"loc":{"start":{"line":17,"column":4},"end":{"line":20,"column":5}},"type":"if","locations":[{"start":{"line":17,"column":4},"end":{"line":20,"column":5}},{"start":{},"end":{}}],"line":17},"1":{"loc":{"start":{"line":22,"column":4},"end":{"line":61,"column":5}},"type":"if","locations":[{"start":{"line":22,"column":4},"end":{"line":61,"column":5}},{"start":{"line":44,"column":11},"end":{"line":61,"column":5}}],"line":22},"2":{"loc":{"start":{"line":28,"column":10},"end":{"line":31,"column":11}},"type":"if","locations":[{"start":{"line":28,"column":10},"end":{"line":31,"column":11}},{"start":{},"end":{}}],"line":28},"3":{"loc":{"start":{"line":35,"column":12},"end":{"line":38,"column":13}},"type":"if","locations":[{"start":{"line":35,"column":12},"end":{"line":38,"column":13}},{"start":{},"end":{}}],"line":35},"4":{"loc":{"start":{"line":46,"column":8},"end":{"line":49,"column":9}},"type":"if","locations":[{"start":{"line":46,"column":8},"end":{"line":49,"column":9}},{"start":{},"end":{}}],"line":46},"5":{"loc":{"start":{"line":53,"column":10},"end":{"line":56,"column":11}},"type":"if","locations":[{"start":{"line":53,"column":10},"end":{"line":56,"column":11}},{"start":{},"end":{}}],"line":53},"6":{"loc":{"start":{"line":71,"column":6},"end":{"line":74,"column":7}},"type":"if","locations":[{"start":{"line":71,"column":6},"end":{"line":74,"column":7}},{"start":{},"end":{}}],"line":71},"7":{"loc":{"start":{"line":76,"column":6},"end":{"line":78,"column":7}},"type":"if","locations":[{"start":{"line":76,"column":6},"end":{"line":78,"column":7}},{"start":{},"end":{}}],"line":76},"8":{"loc":{"start":{"line":85,"column":6},"end":{"line":90,"column":7}},"type":"if","locations":[{"start":{"line":85,"column":6},"end":{"line":90,"column":7}},{"start":{},"end":{}}],"line":85}},"s":{"0":1,"1":1,"2":1,"3":1,"4":1,"5":1,"6":1,"7":0,"8":0,"9":0,"10":0,"11":0,"12":0,"13":0,"14":0,"15":0,"16":0,"17":0,"18":0,"19":0,"20":0,"21":0,"22":0,"23":0,"24":0,"25":0,"26":0,"27":0,"28":0,"29":0,"30":0,"31":0,"32":0,"33":0,"34":1,"35":0,"36":0,"37":0,"38":0,"39":0,"40":0,"41":0,"42":0,"43":0,"44":0,"45":0,"46":0,"47":0,"48":0,"49":0},"f":{"0":0,"1":0,"2":0,"3":0,"4":0,"5":0,"6":0,"7":0,"8":0},"b":{"0":[0,0],"1":[0,0],"2":[0,0],"3":[0,0],"4":[0,0],"5":[0,0],"6":[0,0],"7":[0,0],"8":[0,0]},"_coverageSchema":"1a1c01bbd47fc00a2c39e90264f33305004495a9","hash":"efda037d373b062e31682a02e65989ab698d06bb"}
,"/home/max/Epitech/MSC/T-WEB-800/T-WEB-800-NCY_1/Backend/app/controllers/user.controller.js": {"path":"/home/max/Epitech/MSC/T-WEB-800/T-WEB-800-NCY_1/Backend/app/controllers/user.controller.js","statementMap":{"0":{"start":{"line":1,"column":0},"end":{"line":3,"column":4}},"1":{"start":{"line":2,"column":4},"end":{"line":2,"column":44}},"2":{"start":{"line":5,"column":2},"end":{"line":7,"column":4}},"3":{"start":{"line":6,"column":4},"end":{"line":6,"column":42}},"4":{"start":{"line":9,"column":2},"end":{"line":11,"column":4}},"5":{"start":{"line":10,"column":4},"end":{"line":10,"column":43}},"6":{"start":{"line":13,"column":2},"end":{"line":15,"column":4}},"7":{"start":{"line":14,"column":4},"end":{"line":14,"column":47}}},"fnMap":{"0":{"name":"(anonymous_0)","decl":{"start":{"line":1,"column":20},"end":{"line":1,"column":21}},"loc":{"start":{"line":1,"column":34},"end":{"line":3,"column":3}},"line":1},"1":{"name":"(anonymous_1)","decl":{"start":{"line":5,"column":22},"end":{"line":5,"column":23}},"loc":{"start":{"line":5,"column":36},"end":{"line":7,"column":3}},"line":5},"2":{"name":"(anonymous_2)","decl":{"start":{"line":9,"column":23},"end":{"line":9,"column":24}},"loc":{"start":{"line":9,"column":37},"end":{"line":11,"column":3}},"line":9},"3":{"name":"(anonymous_3)","decl":{"start":{"line":13,"column":27},"end":{"line":13,"column":28}},"loc":{"start":{"line":13,"column":41},"end":{"line":15,"column":3}},"line":13}},"branchMap":{},"s":{"0":1,"1":0,"2":1,"3":0,"4":1,"5":0,"6":1,"7":0},"f":{"0":0,"1":0,"2":0,"3":0},"b":{},"_coverageSchema":"1a1c01bbd47fc00a2c39e90264f33305004495a9","hash":"e0a376fbdbf6cb46732be1a2e6728465ca99c8e7"}
,"/home/max/Epitech/MSC/T-WEB-800/T-WEB-800-NCY_1/Backend/app/middlewares/authJwt.js": {"path":"/home/max/Epitech/MSC/T-WEB-800/T-WEB-800-NCY_1/Backend/app/middlewares/authJwt.js","statementMap":{"0":{"start":{"line":1,"column":12},"end":{"line":1,"column":35}},"1":{"start":{"line":2,"column":15},"end":{"line":2,"column":50}},"2":{"start":{"line":3,"column":11},"end":{"line":3,"column":31}},"3":{"start":{"line":4,"column":13},"end":{"line":4,"column":20}},"4":{"start":{"line":5,"column":13},"end":{"line":5,"column":20}},"5":{"start":{"line":7,"column":0},"end":{"line":21,"column":2}},"6":{"start":{"line":8,"column":14},"end":{"line":8,"column":43}},"7":{"start":{"line":10,"column":2},"end":{"line":12,"column":3}},"8":{"start":{"line":11,"column":4},"end":{"line":11,"column":67}},"9":{"start":{"line":14,"column":2},"end":{"line":20,"column":5}},"10":{"start":{"line":15,"column":4},"end":{"line":17,"column":5}},"11":{"start":{"line":16,"column":6},"end":{"line":16,"column":64}},"12":{"start":{"line":18,"column":4},"end":{"line":18,"column":28}},"13":{"start":{"line":19,"column":4},"end":{"line":19,"column":11}},"14":{"start":{"line":23,"column":0},"end":{"line":52,"column":2}},"15":{"start":{"line":24,"column":2},"end":{"line":51,"column":5}},"16":{"start":{"line":25,"column":4},"end":{"line":28,"column":5}},"17":{"start":{"line":26,"column":6},"end":{"line":26,"column":45}},"18":{"start":{"line":27,"column":6},"end":{"line":27,"column":13}},"19":{"start":{"line":30,"column":4},"end":{"line":50,"column":6}},"20":{"start":{"line":35,"column":8},"end":{"line":38,"column":9}},"21":{"start":{"line":36,"column":10},"end":{"line":36,"column":49}},"22":{"start":{"line":37,"column":10},"end":{"line":37,"column":17}},"23":{"start":{"line":40,"column":8},"end":{"line":45,"column":9}},"24":{"start":{"line":40,"column":21},"end":{"line":40,"column":22}},"25":{"start":{"line":41,"column":10},"end":{"line":44,"column":11}},"26":{"start":{"line":42,"column":12},"end":{"line":42,"column":19}},"27":{"start":{"line":43,"column":12},"end":{"line":43,"column":19}},"28":{"start":{"line":47,"column":8},"end":{"line":47,"column":65}},"29":{"start":{"line":48,"column":8},"end":{"line":48,"column":15}},"30":{"start":{"line":54,"column":0},"end":{"line":83,"column":2}},"31":{"start":{"line":55,"column":2},"end":{"line":82,"column":5}},"32":{"start":{"line":56,"column":4},"end":{"line":59,"column":5}},"33":{"start":{"line":57,"column":6},"end":{"line":57,"column":45}},"34":{"start":{"line":58,"column":6},"end":{"line":58,"column":13}},"35":{"start":{"line":61,"column":4},"end":{"line":81,"column":6}},"36":{"start":{"line":66,"column":8},"end":{"line":69,"column":9}},"37":{"start":{"line":67,"column":10},"end":{"line":67,"column":49}},"38":{"start":{"line":68,"column":10},"end":{"line":68,"column":17}},"39":{"start":{"line":71,"column":8},"end":{"line":76,"column":9}},"40":{"start":{"line":71,"column":21},"end":{"line":71,"column":22}},"41":{"start":{"line":72,"column":10},"end":{"line":75,"column":11}},"42":{"start":{"line":73,"column":12},"end":{"line":73,"column":19}},"43":{"start":{"line":74,"column":12},"end":{"line":74,"column":19}},"44":{"start":{"line":78,"column":8},"end":{"line":78,"column":69}},"45":{"start":{"line":79,"column":8},"end":{"line":79,"column":15}},"46":{"start":{"line":85,"column":16},"end":{"line":89,"column":1}},"47":{"start":{"line":90,"column":0},"end":{"line":90,"column":25}}},"fnMap":{"0":{"name":"(anonymous_0)","decl":{"start":{"line":7,"column":14},"end":{"line":7,"column":15}},"loc":{"start":{"line":7,"column":34},"end":{"line":21,"column":1}},"line":7},"1":{"name":"(anonymous_1)","decl":{"start":{"line":14,"column":35},"end":{"line":14,"column":36}},"loc":{"start":{"line":14,"column":53},"end":{"line":20,"column":3}},"line":14},"2":{"name":"(anonymous_2)","decl":{"start":{"line":23,"column":10},"end":{"line":23,"column":11}},"loc":{"start":{"line":23,"column":30},"end":{"line":52,"column":1}},"line":23},"3":{"name":"(anonymous_3)","decl":{"start":{"line":24,"column":33},"end":{"line":24,"column":34}},"loc":{"start":{"line":24,"column":48},"end":{"line":51,"column":3}},"line":24},"4":{"name":"(anonymous_4)","decl":{"start":{"line":34,"column":6},"end":{"line":34,"column":7}},"loc":{"start":{"line":34,"column":22},"end":{"line":49,"column":7}},"line":34},"5":{"name":"(anonymous_5)","decl":{"start":{"line":54,"column":14},"end":{"line":54,"column":15}},"loc":{"start":{"line":54,"column":34},"end":{"line":83,"column":1}},"line":54},"6":{"name":"(anonymous_6)","decl":{"start":{"line":55,"column":33},"end":{"line":55,"column":34}},"loc":{"start":{"line":55,"column":48},"end":{"line":82,"column":3}},"line":55},"7":{"name":"(anonymous_7)","decl":{"start":{"line":65,"column":6},"end":{"line":65,"column":7}},"loc":{"start":{"line":65,"column":22},"end":{"line":80,"column":7}},"line":65}},"branchMap":{"0":{"loc":{"start":{"line":10,"column":2},"end":{"line":12,"column":3}},"type":"if","locations":[{"start":{"line":10,"column":2},"end":{"line":12,"column":3}},{"start":{},"end":{}}],"line":10},"1":{"loc":{"start":{"line":15,"column":4},"end":{"line":17,"column":5}},"type":"if","locations":[{"start":{"line":15,"column":4},"end":{"line":17,"column":5}},{"start":{},"end":{}}],"line":15},"2":{"loc":{"start":{"line":25,"column":4},"end":{"line":28,"column":5}},"type":"if","locations":[{"start":{"line":25,"column":4},"end":{"line":28,"column":5}},{"start":{},"end":{}}],"line":25},"3":{"loc":{"start":{"line":35,"column":8},"end":{"line":38,"column":9}},"type":"if","locations":[{"start":{"line":35,"column":8},"end":{"line":38,"column":9}},{"start":{},"end":{}}],"line":35},"4":{"loc":{"start":{"line":41,"column":10},"end":{"line":44,"column":11}},"type":"if","locations":[{"start":{"line":41,"column":10},"end":{"line":44,"column":11}},{"start":{},"end":{}}],"line":41},"5":{"loc":{"start":{"line":56,"column":4},"end":{"line":59,"column":5}},"type":"if","locations":[{"start":{"line":56,"column":4},"end":{"line":59,"column":5}},{"start":{},"end":{}}],"line":56},"6":{"loc":{"start":{"line":66,"column":8},"end":{"line":69,"column":9}},"type":"if","locations":[{"start":{"line":66,"column":8},"end":{"line":69,"column":9}},{"start":{},"end":{}}],"line":66},"7":{"loc":{"start":{"line":72,"column":10},"end":{"line":75,"column":11}},"type":"if","locations":[{"start":{"line":72,"column":10},"end":{"line":75,"column":11}},{"start":{},"end":{}}],"line":72}},"s":{"0":1,"1":1,"2":1,"3":1,"4":1,"5":1,"6":0,"7":0,"8":0,"9":0,"10":0,"11":0,"12":0,"13":0,"14":1,"15":0,"16":0,"17":0,"18":0,"19":0,"20":0,"21":0,"22":0,"23":0,"24":0,"25":0,"26":0,"27":0,"28":0,"29":0,"30":1,"31":0,"32":0,"33":0,"34":0,"35":0,"36":0,"37":0,"38":0,"39":0,"40":0,"41":0,"42":0,"43":0,"44":0,"45":0,"46":1,"47":1},"f":{"0":0,"1":0,"2":0,"3":0,"4":0,"5":0,"6":0,"7":0},"b":{"0":[0,0],"1":[0,0],"2":[0,0],"3":[0,0],"4":[0,0],"5":[0,0],"6":[0,0],"7":[0,0]},"_coverageSchema":"1a1c01bbd47fc00a2c39e90264f33305004495a9","hash":"d87fd6677f9bfac789424c3fe97fd02cf1bc3322"}
,"/home/max/Epitech/MSC/T-WEB-800/T-WEB-800-NCY_1/Backend/app/middlewares/index.js": {"path":"/home/max/Epitech/MSC/T-WEB-800/T-WEB-800-NCY_1/Backend/app/middlewares/index.js","statementMap":{"0":{"start":{"line":1,"column":16},"end":{"line":1,"column":36}},"1":{"start":{"line":2,"column":21},"end":{"line":2,"column":46}},"2":{"start":{"line":4,"column":0},"end":{"line":7,"column":2}}},"fnMap":{},"branchMap":{},"s":{"0":1,"1":1,"2":1},"f":{},"b":{},"_coverageSchema":"1a1c01bbd47fc00a2c39e90264f33305004495a9","hash":"e3dd5087688d50c6c5fa51a6ddc22cd8a50309cf"}
,"/home/max/Epitech/MSC/T-WEB-800/T-WEB-800-NCY_1/Backend/app/middlewares/verifySignUp.js": {"path":"/home/max/Epitech/MSC/T-WEB-800/T-WEB-800-NCY_1/Backend/app/middlewares/verifySignUp.js","statementMap":{"0":{"start":{"line":1,"column":11},"end":{"line":1,"column":31}},"1":{"start":{"line":2,"column":14},"end":{"line":2,"column":22}},"2":{"start":{"line":3,"column":13},"end":{"line":3,"column":20}},"3":{"start":{"line":5,"column":0},"end":{"line":37,"column":2}},"4":{"start":{"line":7,"column":2},"end":{"line":36,"column":5}},"5":{"start":{"line":10,"column":4},"end":{"line":13,"column":5}},"6":{"start":{"line":11,"column":6},"end":{"line":11,"column":45}},"7":{"start":{"line":12,"column":6},"end":{"line":12,"column":13}},"8":{"start":{"line":15,"column":4},"end":{"line":18,"column":5}},"9":{"start":{"line":16,"column":6},"end":{"line":16,"column":79}},"10":{"start":{"line":17,"column":6},"end":{"line":17,"column":13}},"11":{"start":{"line":21,"column":4},"end":{"line":35,"column":7}},"12":{"start":{"line":24,"column":6},"end":{"line":27,"column":7}},"13":{"start":{"line":25,"column":8},"end":{"line":25,"column":47}},"14":{"start":{"line":26,"column":8},"end":{"line":26,"column":15}},"15":{"start":{"line":29,"column":6},"end":{"line":32,"column":7}},"16":{"start":{"line":30,"column":8},"end":{"line":30,"column":78}},"17":{"start":{"line":31,"column":8},"end":{"line":31,"column":15}},"18":{"start":{"line":34,"column":6},"end":{"line":34,"column":13}},"19":{"start":{"line":39,"column":0},"end":{"line":52,"column":2}},"20":{"start":{"line":40,"column":2},"end":{"line":49,"column":3}},"21":{"start":{"line":41,"column":4},"end":{"line":48,"column":5}},"22":{"start":{"line":41,"column":17},"end":{"line":41,"column":18}},"23":{"start":{"line":42,"column":6},"end":{"line":47,"column":7}},"24":{"start":{"line":43,"column":8},"end":{"line":45,"column":11}},"25":{"start":{"line":46,"column":8},"end":{"line":46,"column":15}},"26":{"start":{"line":51,"column":2},"end":{"line":51,"column":9}},"27":{"start":{"line":54,"column":21},"end":{"line":57,"column":1}},"28":{"start":{"line":59,"column":0},"end":{"line":59,"column":30}}},"fnMap":{"0":{"name":"(anonymous_0)","decl":{"start":{"line":5,"column":32},"end":{"line":5,"column":33}},"loc":{"start":{"line":5,"column":52},"end":{"line":37,"column":1}},"line":5},"1":{"name":"(anonymous_1)","decl":{"start":{"line":9,"column":10},"end":{"line":9,"column":11}},"loc":{"start":{"line":9,"column":25},"end":{"line":36,"column":3}},"line":9},"2":{"name":"(anonymous_2)","decl":{"start":{"line":23,"column":12},"end":{"line":23,"column":13}},"loc":{"start":{"line":23,"column":27},"end":{"line":35,"column":5}},"line":23},"3":{"name":"(anonymous_3)","decl":{"start":{"line":39,"column":20},"end":{"line":39,"column":21}},"loc":{"start":{"line":39,"column":40},"end":{"line":52,"column":1}},"line":39}},"branchMap":{"0":{"loc":{"start":{"line":10,"column":4},"end":{"line":13,"column":5}},"type":"if","locations":[{"start":{"line":10,"column":4},"end":{"line":13,"column":5}},{"start":{},"end":{}}],"line":10},"1":{"loc":{"start":{"line":15,"column":4},"end":{"line":18,"column":5}},"type":"if","locations":[{"start":{"line":15,"column":4},"end":{"line":18,"column":5}},{"start":{},"end":{}}],"line":15},"2":{"loc":{"start":{"line":24,"column":6},"end":{"line":27,"column":7}},"type":"if","locations":[{"start":{"line":24,"column":6},"end":{"line":27,"column":7}},{"start":{},"end":{}}],"line":24},"3":{"loc":{"start":{"line":29,"column":6},"end":{"line":32,"column":7}},"type":"if","locations":[{"start":{"line":29,"column":6},"end":{"line":32,"column":7}},{"start":{},"end":{}}],"line":29},"4":{"loc":{"start":{"line":40,"column":2},"end":{"line":49,"column":3}},"type":"if","locations":[{"start":{"line":40,"column":2},"end":{"line":49,"column":3}},{"start":{},"end":{}}],"line":40},"5":{"loc":{"start":{"line":42,"column":6},"end":{"line":47,"column":7}},"type":"if","locations":[{"start":{"line":42,"column":6},"end":{"line":47,"column":7}},{"start":{},"end":{}}],"line":42}},"s":{"0":1,"1":1,"2":1,"3":1,"4":0,"5":0,"6":0,"7":0,"8":0,"9":0,"10":0,"11":0,"12":0,"13":0,"14":0,"15":0,"16":0,"17":0,"18":0,"19":1,"20":0,"21":0,"22":0,"23":0,"24":0,"25":0,"26":0,"27":1,"28":1},"f":{"0":0,"1":0,"2":0,"3":0},"b":{"0":[0,0],"1":[0,0],"2":[0,0],"3":[0,0],"4":[0,0],"5":[0,0]},"_coverageSchema":"1a1c01bbd47fc00a2c39e90264f33305004495a9","hash":"3a11e9e8e37a941d5f1b9a0cb97e7526e09e935c"}
,"/home/max/Epitech/MSC/T-WEB-800/T-WEB-800-NCY_1/Backend/app/models/index.js": {"path":"/home/max/Epitech/MSC/T-WEB-800/T-WEB-800-NCY_1/Backend/app/models/index.js","statementMap":{"0":{"start":{"line":1,"column":17},"end":{"line":1,"column":36}},"1":{"start":{"line":2,"column":0},"end":{"line":2,"column":34}},"2":{"start":{"line":4,"column":11},"end":{"line":4,"column":13}},"3":{"start":{"line":6,"column":0},"end":{"line":6,"column":23}},"4":{"start":{"line":8,"column":0},"end":{"line":8,"column":34}},"5":{"start":{"line":9,"column":0},"end":{"line":9,"column":34}},"6":{"start":{"line":11,"column":0},"end":{"line":11,"column":42}},"7":{"start":{"line":13,"column":0},"end":{"line":13,"column":20}}},"fnMap":{},"branchMap":{},"s":{"0":1,"1":1,"2":1,"3":1,"4":1,"5":1,"6":1,"7":1},"f":{},"b":{},"_coverageSchema":"1a1c01bbd47fc00a2c39e90264f33305004495a9","hash":"05208fd7df71548b0d83a1854a6a6fc1b81db621"}
,"/home/max/Epitech/MSC/T-WEB-800/T-WEB-800-NCY_1/Backend/app/models/role.model.js": {"path":"/home/max/Epitech/MSC/T-WEB-800/T-WEB-800-NCY_1/Backend/app/models/role.model.js","statementMap":{"0":{"start":{"line":1,"column":17},"end":{"line":1,"column":36}},"1":{"start":{"line":3,"column":13},"end":{"line":8,"column":1}},"2":{"start":{"line":10,"column":0},"end":{"line":10,"column":22}}},"fnMap":{},"branchMap":{},"s":{"0":1,"1":1,"2":1},"f":{},"b":{},"_coverageSchema":"1a1c01bbd47fc00a2c39e90264f33305004495a9","hash":"c4dfd074ccda30066bb96f00b51cfa0919720eeb"}
,"/home/max/Epitech/MSC/T-WEB-800/T-WEB-800-NCY_1/Backend/app/models/user.model.js": {"path":"/home/max/Epitech/MSC/T-WEB-800/T-WEB-800-NCY_1/Backend/app/models/user.model.js","statementMap":{"0":{"start":{"line":1,"column":17},"end":{"line":1,"column":36}},"1":{"start":{"line":3,"column":13},"end":{"line":16,"column":1}},"2":{"start":{"line":18,"column":0},"end":{"line":18,"column":22}}},"fnMap":{},"branchMap":{},"s":{"0":1,"1":1,"2":1},"f":{},"b":{},"_coverageSchema":"1a1c01bbd47fc00a2c39e90264f33305004495a9","hash":"d3570f27258744ffb38036ef0475e49255301484"}
,"/home/max/Epitech/MSC/T-WEB-800/T-WEB-800-NCY_1/Backend/app/routes/auth.routes.js": {"path":"/home/max/Epitech/MSC/T-WEB-800/T-WEB-800-NCY_1/Backend/app/routes/auth.routes.js","statementMap":{"0":{"start":{"line":1,"column":25},"end":{"line":1,"column":50}},"1":{"start":{"line":2,"column":19},"end":{"line":2,"column":60}},"2":{"start":{"line":4,"column":0},"end":{"line":23,"column":2}},"3":{"start":{"line":5,"column":2},"end":{"line":11,"column":5}},"4":{"start":{"line":6,"column":4},"end":{"line":9,"column":6}},"5":{"start":{"line":10,"column":4},"end":{"line":10,"column":11}},"6":{"start":{"line":13,"column":2},"end":{"line":20,"column":4}},"7":{"start":{"line":22,"column":2},"end":{"line":22,"column":50}}},"fnMap":{"0":{"name":"(anonymous_0)","decl":{"start":{"line":4,"column":17},"end":{"line":4,"column":18}},"loc":{"start":{"line":4,"column":31},"end":{"line":23,"column":1}},"line":4},"1":{"name":"(anonymous_1)","decl":{"start":{"line":5,"column":10},"end":{"line":5,"column":11}},"loc":{"start":{"line":5,"column":35},"end":{"line":11,"column":3}},"line":5}},"branchMap":{},"s":{"0":1,"1":1,"2":1,"3":1,"4":0,"5":0,"6":1,"7":1},"f":{"0":1,"1":0},"b":{},"_coverageSchema":"1a1c01bbd47fc00a2c39e90264f33305004495a9","hash":"933a64744658655295faecbe8e5a09cdf94f55ae"}
,"/home/max/Epitech/MSC/T-WEB-800/T-WEB-800-NCY_1/Backend/app/routes/user.routes.js": {"path":"/home/max/Epitech/MSC/T-WEB-800/T-WEB-800-NCY_1/Backend/app/routes/user.routes.js","statementMap":{"0":{"start":{"line":1,"column":20},"end":{"line":1,"column":45}},"1":{"start":{"line":2,"column":19},"end":{"line":2,"column":60}},"2":{"start":{"line":4,"column":0},"end":{"line":28,"column":2}},"3":{"start":{"line":5,"column":2},"end":{"line":11,"column":5}},"4":{"start":{"line":6,"column":4},"end":{"line":9,"column":6}},"5":{"start":{"line":10,"column":4},"end":{"line":10,"column":11}},"6":{"start":{"line":13,"column":2},"end":{"line":13,"column":49}},"7":{"start":{"line":15,"column":2},"end":{"line":15,"column":73}},"8":{"start":{"line":17,"column":2},"end":{"line":21,"column":4}},"9":{"start":{"line":23,"column":2},"end":{"line":27,"column":4}}},"fnMap":{"0":{"name":"(anonymous_0)","decl":{"start":{"line":4,"column":17},"end":{"line":4,"column":18}},"loc":{"start":{"line":4,"column":31},"end":{"line":28,"column":1}},"line":4},"1":{"name":"(anonymous_1)","decl":{"start":{"line":5,"column":10},"end":{"line":5,"column":11}},"loc":{"start":{"line":5,"column":35},"end":{"line":11,"column":3}},"line":5}},"branchMap":{},"s":{"0":1,"1":1,"2":1,"3":1,"4":0,"5":0,"6":1,"7":1,"8":1,"9":1},"f":{"0":1,"1":0},"b":{},"_coverageSchema":"1a1c01bbd47fc00a2c39e90264f33305004495a9","hash":"be6c13fb7f1223ccdf55eafa30c70e87475112eb"}
}
